Arguments: 
  D:\Program Files\nodejs\node.exe C:\Users\CDN\AppData\Roaming\npm\node_modules\yarn\bin\yarn.js init

PATH: 
  D:\Program Files\ImageMagick-7.1.0-Q16-HDRI;;D:\Program Files\ImageMagick-7.0.1-Q16;C:\Python39\Scripts\;C:\Python39\;C:\Program Files\HPE\NV\lib\shunra\vcat;D:\Program Files\Java\openjdk-11.0.11_9\bin;D:\Program Files\Java\openjdk-11.0.11_9\jre\bin;D:\Program Files\NVDIA GPU Computing Toolkit\CUDA\v11.3\bin;D:\Program Files\NVDIA GPU Computing Toolkit\CUDA\v11.3\libnvvp;C:\Program Files\Common Files\Oracle\Java\javapath;D:\Program Files (x86)\VMware\VMware Workstation\bin\;C:\WINDOWS\system32;C:\WINDOWS;C:\WINDOWS\System32\Wbem;C:\WINDOWS\System32\WindowsPowerShell\v1.0\;C:\WINDOWS\System32\OpenSSH\;C:\Program Files\dotnet\;C:\Program Files (x86)\dotnet\;D:\mingw64\bin;D:\Program Files (x86)\Paragon Software\APFS for Windows\;D:\Program Files (x86)\Paragon Software\ExtFS for Windows\;D:\Program Files (x86)\NetSarang\Xshell 7\;D:\Program Files (x86)\NetSarang\Xftp 7\;D:\Program Files Portable\AdditionalPath;C:\Android;C:\Windows\System32;C:\Program Files\NVIDIA Corporation\Nsight Compute 2021.1.1\;D:\Program Files Portable\AdditionalPath\cuda\bin;C:\Program Files (x86)\NVIDIA Corporation\PhysX\Common;C:\Program Files\NVIDIA Corporation\NVIDIA NvDLISR;C:\ProgramData\chocolatey\bin;D:\Program Files\Git\cmd;C:\Users\CDN\AppData\Local\Packages\PythonSoftwareFoundation.Python.3.9_qbz5n2kfra8p0\LocalCache\local-packages\Python39\Scripts;D:\Program Files\Calibre2\;C:\Users\CDN\.rustup;D:\Program Files\texlive\2021\bin\win32;D:\apache-maven\bin;D:\Program Files (x86)\HPE\LoadRunner\strawberry-perl\perl\bin;D:\apache-maven\bin;;C:\WINDOWS\System32\Wbem;D:\Program Files\nodejs\;C:\Program Files\Microsoft SQL Server\130\Tools\Binn\;C:\Program Files\Docker\Docker\resources\bin;C:\ProgramData\DockerDesktop\version-bin;D:\Program Files (x86)\MSVC6\Common\Tools\WinNT;D:\Program Files (x86)\MSVC6\Common\MSDev98\Bin;D:\Program Files (x86)\MSVC6\Common\Tools;D:\Program Files (x86)\MSVC6\VC98\bin;C:\Program Files\MySQL\MySQL Shell 8.0\bin\;C:\Users\CDN\.cargo\bin;%USERPROFILE%\AppData\Local\Microsoft\WindowsApps;D:\Program Files(No Permission)\Microsoft VS Code\bin;%PyCharm%;%DevEco Studio%;%IntelliJ IDEA%;C:\Users\CDN\AppData\Local\GitHubDesktop\bin;%CLion%;D:\Program Files\Bandzip\;%WebStorm%;%DataGrip%;%PhpStorm%;%SystemRoot%\System32\Wbem;C:\Users\CDN\AppData\Roaming\npm

Yarn version: 
  1.22.11

Node version: 
  16.6.1

Platform: 
  win32 x64

Trace: 
  Error: canceled
      at Interface.<anonymous> (C:\Users\CDN\AppData\Roaming\npm\node_modules\yarn\lib\cli.js:137023:13)
      at Interface.emit (node:events:394:28)
      at Interface._ttyWrite (node:readline:1081:16)
      at ReadStream.onkeypress (node:readline:288:10)
      at ReadStream.emit (node:events:394:28)
      at emitKeys (node:internal/readline/utils:358:14)
      at emitKeys.next (<anonymous>)
      at ReadStream.onData (node:internal/readline/emitKeypressEvents:61:36)
      at ReadStream.emit (node:events:394:28)
      at addChunk (node:internal/streams/readable:312:12)

npm manifest: 
  No manifest

yarn manifest: 
  No manifest

Lockfile: 
  No lockfile
